11:53:01.987 INFO [main] org.lenskit.cli.Main: Starting LensKit 3.0-M1 on Java 1.8.0_144 from Oracle Corporation
11:53:02.034 DEBUG [main] org.lenskit.LenskitInfo: have 5573 active revisions
11:53:02.047 DEBUG [main] org.lenskit.cli.Main: Built from Git revision c0210fa3281ef8b15b0959bcd5fced43c5fec38a
11:53:02.048 DEBUG [main] org.lenskit.cli.Main: Using VM 'Java HotSpot(TM) 64-Bit Server VM' version 25.144-b01 from Oracle Corporation
11:53:02.048 INFO [main] org.lenskit.cli.Main: Have 4 processors and heap limit of 1820 MiB
11:53:02.065 INFO [main] org.lenskit.cli.util.RecommenderLoader: creating fresh recommender
11:53:02.600 INFO [main] org.lenskit.config.ConfigurationLoader: loading script from file:/Users/anshumannarayan/Documents/Recommender%20Systems/ii-assignment/etc/item-item.groovy
11:53:03.445 DEBUG [main] org.lenskit.data.dao.file.TextEntitySource: loading source ratings with base URI file:/Users/anshumannarayan/Documents/Recommender%20Systems/ii-assignment/data/movielens.yml
11:53:03.445 DEBUG [main] org.lenskit.data.dao.file.TextEntitySource: resolved file URI: file:/Users/anshumannarayan/Documents/Recommender%20Systems/ii-assignment/data/ratings.csv
11:53:03.458 INFO [main] org.lenskit.data.dao.file.TextEntitySource: loading text file source ratings to read from file:/Users/anshumannarayan/Documents/Recommender%20Systems/ii-assignment/data/ratings.csv
11:53:03.465 DEBUG [main] org.lenskit.data.dao.file.TextEntitySource: ratings: using delimiter ,
11:53:03.466 DEBUG [main] org.lenskit.data.dao.file.TextEntitySource: ratings: reading header
11:53:03.466 DEBUG [main] org.lenskit.data.dao.file.TextEntitySource: ratings: reading entities of type EntityType[rating]
11:53:03.527 DEBUG [main] org.lenskit.data.dao.file.TextEntitySource: class org.lenskit.data.ratings.RatingBuilder: using entity builder {}
11:53:03.527 DEBUG [main] org.lenskit.data.dao.file.TextEntitySource: loading source movies with base URI file:/Users/anshumannarayan/Documents/Recommender%20Systems/ii-assignment/data/movielens.yml
11:53:03.528 DEBUG [main] org.lenskit.data.dao.file.TextEntitySource: resolved file URI: file:/Users/anshumannarayan/Documents/Recommender%20Systems/ii-assignment/data/movies.csv
11:53:03.528 INFO [main] org.lenskit.data.dao.file.TextEntitySource: loading text file source movies to read from file:/Users/anshumannarayan/Documents/Recommender%20Systems/ii-assignment/data/movies.csv
11:53:03.528 DEBUG [main] org.lenskit.data.dao.file.TextEntitySource: movies: using delimiter ,
11:53:03.529 DEBUG [main] org.lenskit.data.dao.file.TextEntitySource: movies: reading header
11:53:03.529 DEBUG [main] org.lenskit.data.dao.file.TextEntitySource: movies: reading entities of type EntityType[item]
11:53:03.530 DEBUG [main] org.lenskit.data.dao.file.TextEntitySource: class org.lenskit.data.entities.BasicEntityBuilder: using entity builder {}
11:53:03.530 DEBUG [main] org.lenskit.data.dao.file.TextEntitySource: loading source tags with base URI file:/Users/anshumannarayan/Documents/Recommender%20Systems/ii-assignment/data/movielens.yml
11:53:03.530 DEBUG [main] org.lenskit.data.dao.file.TextEntitySource: resolved file URI: file:/Users/anshumannarayan/Documents/Recommender%20Systems/ii-assignment/data/tags.csv
11:53:03.530 INFO [main] org.lenskit.data.dao.file.TextEntitySource: loading text file source tags to read from file:/Users/anshumannarayan/Documents/Recommender%20Systems/ii-assignment/data/tags.csv
11:53:03.531 DEBUG [main] org.lenskit.data.dao.file.TextEntitySource: tags: using delimiter ,
11:53:03.531 DEBUG [main] org.lenskit.data.dao.file.TextEntitySource: tags: reading header
11:53:03.531 DEBUG [main] org.lenskit.data.dao.file.TextEntitySource: tags: reading entities of type EntityType[item-tag]
11:53:03.531 DEBUG [main] org.lenskit.data.dao.file.TextEntitySource: class org.lenskit.data.entities.BasicEntityBuilder: using entity builder {}
11:53:03.543 DEBUG [main] org.lenskit.LenskitRecommenderEngineBuilder: building graph from 3 configurations
11:53:03.703 DEBUG [main] org.lenskit.inject.RecommenderInstantiator: replacing nodes in graph with 13 nodes
11:53:03.714 DEBUG [main] org.lenskit.inject.RecommenderInstantiator: found 2 shared nodes
11:53:06.033 INFO [main] org.lenskit.data.dao.file.StaticDataSource: deriving entity type EntityType[user] from EntityType[rating] (column TypedName[user: long])
11:53:06.171 INFO [main] org.lenskit.data.dao.file.StaticDataSource: deriving entity type EntityType[item] from EntityType[rating] (column TypedName[item: long])
11:53:06.243 DEBUG [main] org.lenskit.data.entities.EntityCollectionBuilder: built collection of 2500 entities with type EntityType[item] and 2 indexes
11:53:06.280 DEBUG [main] org.lenskit.data.entities.EntityCollectionBuilder: built collection of 264505 entities with type EntityType[rating] and 2 indexes
11:53:06.299 DEBUG [main] org.lenskit.data.entities.EntityCollectionBuilder: built collection of 94875 entities with type EntityType[item-tag] and 2 indexes
11:53:06.300 DEBUG [main] org.lenskit.data.entities.EntityCollectionBuilder: built collection of 862 entities with type EntityType[user] and 2 indexes
11:53:50.264 DEBUG [main] org.lenskit.inject.RecommenderInstantiator: final graph has 13 nodes
11:53:50.265 INFO [main] org.lenskit.cli.util.RecommenderLoader: built recommender in 46.72 s
11:53:50.274 INFO [main] org.lenskit.cli.commands.GlobalRecommend: using 4 reference items: [260, 153, 527, 588]
11:53:50.311 INFO [main] org.lenskit.cli.commands.GlobalRecommend: recommended in 36.72 ms
11:53:50.312 INFO [main] org.lenskit.cli.Main: If you use LensKit in published research, please see http://lenskit.org/research/
