22:24:31.255 INFO [main] org.lenskit.cli.Main: Starting LensKit 3.0-M1 on Java 1.8.0_144 from Oracle Corporation
22:24:31.294 DEBUG [main] org.lenskit.LenskitInfo: have 5573 active revisions
22:24:31.306 DEBUG [main] org.lenskit.cli.Main: Built from Git revision c0210fa3281ef8b15b0959bcd5fced43c5fec38a
22:24:31.306 DEBUG [main] org.lenskit.cli.Main: Using VM 'Java HotSpot(TM) 64-Bit Server VM' version 25.144-b01 from Oracle Corporation
22:24:31.306 INFO [main] org.lenskit.cli.Main: Have 4 processors and heap limit of 1820 MiB
22:24:31.329 INFO [main] org.lenskit.cli.util.RecommenderLoader: creating fresh recommender
22:24:31.793 INFO [main] org.lenskit.config.ConfigurationLoader: loading script from file:/Users/anshumannarayan/Documents/Recommender%20Systems/ii-assignment/etc/item-item.groovy
22:24:32.686 DEBUG [main] org.lenskit.data.dao.file.TextEntitySource: loading source ratings with base URI file:/Users/anshumannarayan/Documents/Recommender%20Systems/ii-assignment/data/movielens.yml
22:24:32.686 DEBUG [main] org.lenskit.data.dao.file.TextEntitySource: resolved file URI: file:/Users/anshumannarayan/Documents/Recommender%20Systems/ii-assignment/data/ratings.csv
22:24:32.708 INFO [main] org.lenskit.data.dao.file.TextEntitySource: loading text file source ratings to read from file:/Users/anshumannarayan/Documents/Recommender%20Systems/ii-assignment/data/ratings.csv
22:24:32.726 DEBUG [main] org.lenskit.data.dao.file.TextEntitySource: ratings: using delimiter ,
22:24:32.726 DEBUG [main] org.lenskit.data.dao.file.TextEntitySource: ratings: reading header
22:24:32.726 DEBUG [main] org.lenskit.data.dao.file.TextEntitySource: ratings: reading entities of type EntityType[rating]
22:24:32.790 DEBUG [main] org.lenskit.data.dao.file.TextEntitySource: class org.lenskit.data.ratings.RatingBuilder: using entity builder {}
22:24:32.790 DEBUG [main] org.lenskit.data.dao.file.TextEntitySource: loading source movies with base URI file:/Users/anshumannarayan/Documents/Recommender%20Systems/ii-assignment/data/movielens.yml
22:24:32.790 DEBUG [main] org.lenskit.data.dao.file.TextEntitySource: resolved file URI: file:/Users/anshumannarayan/Documents/Recommender%20Systems/ii-assignment/data/movies.csv
22:24:32.790 INFO [main] org.lenskit.data.dao.file.TextEntitySource: loading text file source movies to read from file:/Users/anshumannarayan/Documents/Recommender%20Systems/ii-assignment/data/movies.csv
22:24:32.791 DEBUG [main] org.lenskit.data.dao.file.TextEntitySource: movies: using delimiter ,
22:24:32.791 DEBUG [main] org.lenskit.data.dao.file.TextEntitySource: movies: reading header
22:24:32.791 DEBUG [main] org.lenskit.data.dao.file.TextEntitySource: movies: reading entities of type EntityType[item]
22:24:32.791 DEBUG [main] org.lenskit.data.dao.file.TextEntitySource: class org.lenskit.data.entities.BasicEntityBuilder: using entity builder {}
22:24:32.791 DEBUG [main] org.lenskit.data.dao.file.TextEntitySource: loading source tags with base URI file:/Users/anshumannarayan/Documents/Recommender%20Systems/ii-assignment/data/movielens.yml
22:24:32.791 DEBUG [main] org.lenskit.data.dao.file.TextEntitySource: resolved file URI: file:/Users/anshumannarayan/Documents/Recommender%20Systems/ii-assignment/data/tags.csv
22:24:32.791 INFO [main] org.lenskit.data.dao.file.TextEntitySource: loading text file source tags to read from file:/Users/anshumannarayan/Documents/Recommender%20Systems/ii-assignment/data/tags.csv
22:24:32.792 DEBUG [main] org.lenskit.data.dao.file.TextEntitySource: tags: using delimiter ,
22:24:32.792 DEBUG [main] org.lenskit.data.dao.file.TextEntitySource: tags: reading header
22:24:32.792 DEBUG [main] org.lenskit.data.dao.file.TextEntitySource: tags: reading entities of type EntityType[item-tag]
22:24:32.792 DEBUG [main] org.lenskit.data.dao.file.TextEntitySource: class org.lenskit.data.entities.BasicEntityBuilder: using entity builder {}
22:24:32.806 DEBUG [main] org.lenskit.LenskitRecommenderEngineBuilder: building graph from 3 configurations
22:24:32.945 DEBUG [main] org.lenskit.inject.RecommenderInstantiator: replacing nodes in graph with 13 nodes
22:24:32.953 DEBUG [main] org.lenskit.inject.RecommenderInstantiator: found 2 shared nodes
22:24:35.682 INFO [main] org.lenskit.data.dao.file.StaticDataSource: deriving entity type EntityType[user] from EntityType[rating] (column TypedName[user: long])
22:24:35.881 INFO [main] org.lenskit.data.dao.file.StaticDataSource: deriving entity type EntityType[item] from EntityType[rating] (column TypedName[item: long])
22:24:35.956 DEBUG [main] org.lenskit.data.entities.EntityCollectionBuilder: built collection of 2500 entities with type EntityType[item] and 2 indexes
22:24:36.015 DEBUG [main] org.lenskit.data.entities.EntityCollectionBuilder: built collection of 264505 entities with type EntityType[rating] and 2 indexes
22:24:36.036 DEBUG [main] org.lenskit.data.entities.EntityCollectionBuilder: built collection of 94875 entities with type EntityType[item-tag] and 2 indexes
22:24:36.037 DEBUG [main] org.lenskit.data.entities.EntityCollectionBuilder: built collection of 862 entities with type EntityType[user] and 2 indexes
22:25:25.605 DEBUG [main] org.lenskit.inject.RecommenderInstantiator: final graph has 13 nodes
22:25:25.606 INFO [main] org.lenskit.cli.util.RecommenderLoader: built recommender in 52.80 s
22:25:25.614 INFO [main] org.lenskit.cli.commands.Predict: predicting 4 items
22:25:25.666 INFO [main] org.lenskit.cli.commands.Predict: predicted for 4 items in 51.38 ms
22:25:25.666 INFO [main] org.lenskit.cli.Main: If you use LensKit in published research, please see http://lenskit.org/research/
