11:50:56.260 INFO [main] org.lenskit.cli.Main: Starting LensKit 3.0-M1 on Java 1.8.0_144 from Oracle Corporation
11:50:56.302 DEBUG [main] org.lenskit.LenskitInfo: have 5573 active revisions
11:50:56.313 DEBUG [main] org.lenskit.cli.Main: Built from Git revision c0210fa3281ef8b15b0959bcd5fced43c5fec38a
11:50:56.314 DEBUG [main] org.lenskit.cli.Main: Using VM 'Java HotSpot(TM) 64-Bit Server VM' version 25.144-b01 from Oracle Corporation
11:50:56.314 INFO [main] org.lenskit.cli.Main: Have 4 processors and heap limit of 1820 MiB
11:50:56.334 INFO [main] org.lenskit.cli.util.RecommenderLoader: creating fresh recommender
11:50:56.777 INFO [main] org.lenskit.config.ConfigurationLoader: loading script from file:/Users/anshumannarayan/Documents/Recommender%20Systems/ii-assignment/etc/item-item.groovy
11:50:57.680 DEBUG [main] org.lenskit.data.dao.file.TextEntitySource: loading source ratings with base URI file:/Users/anshumannarayan/Documents/Recommender%20Systems/ii-assignment/data/movielens.yml
11:50:57.680 DEBUG [main] org.lenskit.data.dao.file.TextEntitySource: resolved file URI: file:/Users/anshumannarayan/Documents/Recommender%20Systems/ii-assignment/data/ratings.csv
11:50:57.692 INFO [main] org.lenskit.data.dao.file.TextEntitySource: loading text file source ratings to read from file:/Users/anshumannarayan/Documents/Recommender%20Systems/ii-assignment/data/ratings.csv
11:50:57.701 DEBUG [main] org.lenskit.data.dao.file.TextEntitySource: ratings: using delimiter ,
11:50:57.701 DEBUG [main] org.lenskit.data.dao.file.TextEntitySource: ratings: reading header
11:50:57.701 DEBUG [main] org.lenskit.data.dao.file.TextEntitySource: ratings: reading entities of type EntityType[rating]
11:50:57.770 DEBUG [main] org.lenskit.data.dao.file.TextEntitySource: class org.lenskit.data.ratings.RatingBuilder: using entity builder {}
11:50:57.770 DEBUG [main] org.lenskit.data.dao.file.TextEntitySource: loading source movies with base URI file:/Users/anshumannarayan/Documents/Recommender%20Systems/ii-assignment/data/movielens.yml
11:50:57.770 DEBUG [main] org.lenskit.data.dao.file.TextEntitySource: resolved file URI: file:/Users/anshumannarayan/Documents/Recommender%20Systems/ii-assignment/data/movies.csv
11:50:57.770 INFO [main] org.lenskit.data.dao.file.TextEntitySource: loading text file source movies to read from file:/Users/anshumannarayan/Documents/Recommender%20Systems/ii-assignment/data/movies.csv
11:50:57.771 DEBUG [main] org.lenskit.data.dao.file.TextEntitySource: movies: using delimiter ,
11:50:57.771 DEBUG [main] org.lenskit.data.dao.file.TextEntitySource: movies: reading header
11:50:57.771 DEBUG [main] org.lenskit.data.dao.file.TextEntitySource: movies: reading entities of type EntityType[item]
11:50:57.772 DEBUG [main] org.lenskit.data.dao.file.TextEntitySource: class org.lenskit.data.entities.BasicEntityBuilder: using entity builder {}
11:50:57.772 DEBUG [main] org.lenskit.data.dao.file.TextEntitySource: loading source tags with base URI file:/Users/anshumannarayan/Documents/Recommender%20Systems/ii-assignment/data/movielens.yml
11:50:57.772 DEBUG [main] org.lenskit.data.dao.file.TextEntitySource: resolved file URI: file:/Users/anshumannarayan/Documents/Recommender%20Systems/ii-assignment/data/tags.csv
11:50:57.772 INFO [main] org.lenskit.data.dao.file.TextEntitySource: loading text file source tags to read from file:/Users/anshumannarayan/Documents/Recommender%20Systems/ii-assignment/data/tags.csv
11:50:57.773 DEBUG [main] org.lenskit.data.dao.file.TextEntitySource: tags: using delimiter ,
11:50:57.773 DEBUG [main] org.lenskit.data.dao.file.TextEntitySource: tags: reading header
11:50:57.773 DEBUG [main] org.lenskit.data.dao.file.TextEntitySource: tags: reading entities of type EntityType[item-tag]
11:50:57.774 DEBUG [main] org.lenskit.data.dao.file.TextEntitySource: class org.lenskit.data.entities.BasicEntityBuilder: using entity builder {}
11:50:57.789 DEBUG [main] org.lenskit.LenskitRecommenderEngineBuilder: building graph from 3 configurations
11:50:57.906 DEBUG [main] org.lenskit.inject.RecommenderInstantiator: replacing nodes in graph with 13 nodes
11:50:57.915 DEBUG [main] org.lenskit.inject.RecommenderInstantiator: found 2 shared nodes
11:50:59.678 INFO [main] org.lenskit.data.dao.file.StaticDataSource: deriving entity type EntityType[user] from EntityType[rating] (column TypedName[user: long])
11:50:59.809 INFO [main] org.lenskit.data.dao.file.StaticDataSource: deriving entity type EntityType[item] from EntityType[rating] (column TypedName[item: long])
11:50:59.885 DEBUG [main] org.lenskit.data.entities.EntityCollectionBuilder: built collection of 2500 entities with type EntityType[item] and 2 indexes
11:50:59.932 DEBUG [main] org.lenskit.data.entities.EntityCollectionBuilder: built collection of 264505 entities with type EntityType[rating] and 2 indexes
11:50:59.953 DEBUG [main] org.lenskit.data.entities.EntityCollectionBuilder: built collection of 94875 entities with type EntityType[item-tag] and 2 indexes
11:50:59.954 DEBUG [main] org.lenskit.data.entities.EntityCollectionBuilder: built collection of 862 entities with type EntityType[user] and 2 indexes
11:51:45.128 DEBUG [main] org.lenskit.inject.RecommenderInstantiator: final graph has 13 nodes
11:51:45.132 INFO [main] org.lenskit.cli.util.RecommenderLoader: built recommender in 47.34 s
11:51:45.141 INFO [main] org.lenskit.cli.commands.Recommend: recommending for 1 users
11:51:45.147 DEBUG [main] org.lenskit.basic.TopNItemRecommender: computing effective candidates for user 320 from 2500 candidates and 62 excluded items
11:51:45.149 DEBUG [main] org.lenskit.basic.TopNItemRecommender: Computing 10 recommendations for user 320 from 2438 candidates
11:51:47.179 INFO [main] org.lenskit.cli.commands.Recommend: recommended for 1 users in 2.038 s
11:51:47.180 INFO [main] org.lenskit.cli.Main: If you use LensKit in published research, please see http://lenskit.org/research/
