17:35:06.405 INFO [main] org.lenskit.cli.Main: Starting LensKit 3.0-M1 on Java 1.8.0_144 from Oracle Corporation
17:35:06.455 DEBUG [main] org.lenskit.LenskitInfo: have 5573 active revisions
17:35:06.466 DEBUG [main] org.lenskit.cli.Main: Built from Git revision c0210fa3281ef8b15b0959bcd5fced43c5fec38a
17:35:06.467 DEBUG [main] org.lenskit.cli.Main: Using VM 'Java HotSpot(TM) 64-Bit Server VM' version 25.144-b01 from Oracle Corporation
17:35:06.467 INFO [main] org.lenskit.cli.Main: Have 4 processors and heap limit of 1820 MiB
17:35:06.487 INFO [main] org.lenskit.cli.util.RecommenderLoader: creating fresh recommender
17:35:06.964 INFO [main] org.lenskit.config.ConfigurationLoader: loading script from file:/Users/anshumannarayan/Documents/Recommender%20Systems/cbf-assignment/etc/basic.groovy
17:35:08.113 DEBUG [main] org.lenskit.data.dao.file.TextEntitySource: loading source ratings with base URI file:/Users/anshumannarayan/Documents/Recommender%20Systems/cbf-assignment/data/movielens.yml
17:35:08.114 DEBUG [main] org.lenskit.data.dao.file.TextEntitySource: resolved file URI: file:/Users/anshumannarayan/Documents/Recommender%20Systems/cbf-assignment/data/ratings.csv
17:35:08.141 INFO [main] org.lenskit.data.dao.file.TextEntitySource: loading text file source ratings to read from file:/Users/anshumannarayan/Documents/Recommender%20Systems/cbf-assignment/data/ratings.csv
17:35:08.147 DEBUG [main] org.lenskit.data.dao.file.TextEntitySource: ratings: using delimiter ,
17:35:08.147 DEBUG [main] org.lenskit.data.dao.file.TextEntitySource: ratings: reading header
17:35:08.147 DEBUG [main] org.lenskit.data.dao.file.TextEntitySource: ratings: reading entities of type EntityType[rating]
17:35:08.214 DEBUG [main] org.lenskit.data.dao.file.TextEntitySource: class org.lenskit.data.ratings.RatingBuilder: using entity builder {}
17:35:08.215 DEBUG [main] org.lenskit.data.dao.file.TextEntitySource: loading source movies with base URI file:/Users/anshumannarayan/Documents/Recommender%20Systems/cbf-assignment/data/movielens.yml
17:35:08.215 DEBUG [main] org.lenskit.data.dao.file.TextEntitySource: resolved file URI: file:/Users/anshumannarayan/Documents/Recommender%20Systems/cbf-assignment/data/movies.csv
17:35:08.215 INFO [main] org.lenskit.data.dao.file.TextEntitySource: loading text file source movies to read from file:/Users/anshumannarayan/Documents/Recommender%20Systems/cbf-assignment/data/movies.csv
17:35:08.216 DEBUG [main] org.lenskit.data.dao.file.TextEntitySource: movies: using delimiter ,
17:35:08.216 DEBUG [main] org.lenskit.data.dao.file.TextEntitySource: movies: reading header
17:35:08.216 DEBUG [main] org.lenskit.data.dao.file.TextEntitySource: movies: reading entities of type EntityType[item]
17:35:08.217 DEBUG [main] org.lenskit.data.dao.file.TextEntitySource: class org.lenskit.data.entities.BasicEntityBuilder: using entity builder {}
17:35:08.217 DEBUG [main] org.lenskit.data.dao.file.TextEntitySource: loading source tags with base URI file:/Users/anshumannarayan/Documents/Recommender%20Systems/cbf-assignment/data/movielens.yml
17:35:08.218 DEBUG [main] org.lenskit.data.dao.file.TextEntitySource: resolved file URI: file:/Users/anshumannarayan/Documents/Recommender%20Systems/cbf-assignment/data/tags.csv
17:35:08.218 INFO [main] org.lenskit.data.dao.file.TextEntitySource: loading text file source tags to read from file:/Users/anshumannarayan/Documents/Recommender%20Systems/cbf-assignment/data/tags.csv
17:35:08.218 DEBUG [main] org.lenskit.data.dao.file.TextEntitySource: tags: using delimiter ,
17:35:08.220 DEBUG [main] org.lenskit.data.dao.file.TextEntitySource: tags: reading header
17:35:08.220 DEBUG [main] org.lenskit.data.dao.file.TextEntitySource: tags: reading entities of type EntityType[item-tag]
17:35:08.224 DEBUG [main] org.lenskit.data.dao.file.TextEntitySource: class org.lenskit.data.entities.BasicEntityBuilder: using entity builder {}
17:35:08.230 DEBUG [main] org.lenskit.LenskitRecommenderEngineBuilder: building graph from 3 configurations
17:35:08.378 DEBUG [main] org.lenskit.inject.RecommenderInstantiator: replacing nodes in graph with 14 nodes
17:35:08.390 DEBUG [main] org.lenskit.inject.RecommenderInstantiator: found 4 shared nodes
17:35:10.065 INFO [main] org.lenskit.data.dao.file.StaticDataSource: deriving entity type EntityType[user] from EntityType[rating] (column TypedName[user: long])
17:35:10.214 INFO [main] org.lenskit.data.dao.file.StaticDataSource: deriving entity type EntityType[item] from EntityType[rating] (column TypedName[item: long])
17:35:10.288 INFO [main] org.lenskit.data.dao.file.StaticDataSource: deriving entity type EntityType[user] from EntityType[item-tag] (column TypedName[user: long])
17:35:10.330 INFO [main] org.lenskit.data.dao.file.StaticDataSource: deriving entity type EntityType[item] from EntityType[item-tag] (column TypedName[item: long])
17:35:10.367 DEBUG [main] org.lenskit.data.entities.EntityCollectionBuilder: built collection of 2500 entities with type EntityType[item] and 2 indexes
17:35:10.414 DEBUG [main] org.lenskit.data.entities.EntityCollectionBuilder: built collection of 264505 entities with type EntityType[rating] and 2 indexes
17:35:11.102 DEBUG [main] org.lenskit.data.entities.EntityCollectionBuilder: built collection of 94875 entities with type EntityType[item-tag] and 2 indexes
17:35:11.103 DEBUG [main] org.lenskit.data.entities.EntityCollectionBuilder: built collection of 862 entities with type EntityType[user] and 2 indexes
17:35:11.110 INFO [main] org.lenskit.mooc.cbf.TFIDFModelProvider: Building TF-IDF model
17:35:11.340 DEBUG [main] org.lenskit.inject.RecommenderInstantiator: final graph has 14 nodes
17:35:11.348 INFO [main] org.lenskit.cli.util.RecommenderLoader: built recommender in 3.113 s
17:35:11.357 INFO [main] org.lenskit.cli.commands.Recommend: recommending for 1 users
17:35:11.374 DEBUG [main] org.lenskit.basic.TopNItemRecommender: computing effective candidates for user 320 from 2500 candidates and 62 excluded items
17:35:11.381 DEBUG [main] org.lenskit.basic.TopNItemRecommender: Computing 10 recommendations for user 320 from 2438 candidates
17:35:11.479 INFO [main] org.lenskit.cli.commands.Recommend: recommended for 1 users in 121.3 ms
17:35:11.481 INFO [main] org.lenskit.cli.Main: If you use LensKit in published research, please see http://lenskit.org/research/
